[www.zavod-red-flag.ru/index.html]
[backblue.gif]
[fade.gif]
[index.html]
[static.tildacdn.com/tild3866-6233-4331-a132-656633643664/_.png]
[static.tildacdn.com/tild6539-3035-4437-b839-393262343630/_152.png]
[static.tildacdn.com/tild3939-3637-4162-b966-616438373166/_270.png]
[neo.tildacdn.com/js/tilda-fallback-1.0.min.js]
[static.tildacdn.com/css/tilda-grid-3.0.min.css]
[static.tildacdn.com/ws/project215918/tilda-blocks-page1154892.min9802.css]
[static.tildacdn.com/css/tilda-animation-2.0.min.css]
[static.tildacdn.com/css/tilda-forms-1.0.min.css]
[static.tildacdn.com/css/tilda-cover-1.0.min.css]
[static.tildacdn.com/css/tilda-popup-1.1.min.css]
[static.tildacdn.com/css/tilda-slds-1.4.min.css]
[static.tildacdn.com/css/tilda-catalog-1.1.min.css]
[static.tildacdn.com/css/tilda-cards-1.0.min.css]
[static.tildacdn.com/css/tilda-slides-1.0.min.css]
[static.tildacdn.com/css/tilda-zoom-2.0.min.css]
[static.tildacdn.com/js/tilda-polyfill-1.0.min.js]
[static.tildacdn.com/js/jquery-1.10.2.min.js]
[static.tildacdn.com/js/tilda-scripts-3.0.min.js]
[static.tildacdn.com/ws/project215918/tilda-blocks-page1154892.min9802.js]
[static.tildacdn.com/js/tilda-lazyload-1.0.min.js]
[static.tildacdn.com/js/tilda-animation-2.0.min.js]
[static.tildacdn.com/js/tilda-forms-1.0.min.js]
[static.tildacdn.com/js/tilda-cover-1.0.min.js]
[static.tildacdn.com/js/hammer.min.js]
[static.tildacdn.com/js/tilda-slds-1.4.min.js]
[static.tildacdn.com/js/tilda-products-1.0.min.js]
[static.tildacdn.com/js/tilda-catalog-1.1.min.js]
[static.tildacdn.com/js/tilda-t862-popupstepform-1.0.min.js]
[static.tildacdn.com/js/tilda-popup-1.0.min.js]
[static.tildacdn.com/js/tilda-cards-1.0.min.js]
[static.tildacdn.com/js/tilda-video-1.0.min.js]
[static.tildacdn.com/js/tilda-video-processor-1.0.min.js]
[static.tildacdn.com/js/tilda-slides-1.1.min.js]
[static.tildacdn.com/js/tilda-map-1.0.min.js]
[static.tildacdn.com/js/tilda-menu-1.0.min.js]
[static.tildacdn.com/js/tilda-zoom-2.0.min.js]
[static.tildacdn.com/js/tilda-skiplink-1.0.min.js]
[static.tildacdn.com/js/tilda-events-1.0.min.js]
[vk.com/js/api/openapi.26bd4c.delayed]
[vk.com/dist/public/api/openapi.7fd8db35650ba51a8f05c0269f8a1e87bd4c.js]
[static.tildacdn.com/tild3665-3361-4162-a238-383866333932/__.png]
[static.tildacdn.com/js/tilda-phone-mask-1.1.min.js]
[thb.tildacdn.com/tild3365-3334-4338-a535-383563333237/-/resize/20x/2.jpg]
[static.tildacdn.com/tild3365-3334-4338-a535-383563333237/2.jpg]
[thb.tildacdn.com/tild3435-3831-4934-b266-376163646431/-/resizeb/20x/7_1.jpg]
[thb.tildacdn.com/tild6133-3230-4133-b665-383965366361/-/resizeb/20x/dsc_0578-1.jpg]
[thb.tildacdn.com/tild6630-3530-4637-b066-343738336363/-/resizeb/20x/IMG_0386.jpg]
[thb.tildacdn.com/tild6334-3634-4634-b338-333631656436/-/resizeb/20x/podkranovye-puti-koz.jpg]
[thb.tildacdn.com/tild6239-6361-4839-b362-323362636335/-/resizeb/20x/2011----.jpg]
[thb.tildacdn.com/tild6637-3063-4833-a133-653930376331/-/resizeb/20x/brus-propitannyj-str.jpg]
[thb.tildacdn.com/tild3636-3835-4035-a130-656331313266/-/resizeb/20x/25.jpg]
[thb.tildacdn.com/tild6332-3737-4864-a639-633231656564/-/resizeb/20x/XEtkNgb2XZ54g0lENDYL.jpg]
[static.tildacdn.com/tild3435-3831-4934-b266-376163646431/7_1.jpg]
[static.tildacdn.com/tild6133-3230-4133-b665-383965366361/dsc_0578-1.jpg]
[static.tildacdn.com/tild6630-3530-4637-b066-343738336363/IMG_0386.jpg]
[static.tildacdn.com/tild6334-3634-4634-b338-333631656436/podkranovye-puti-koz.jpg]
[static.tildacdn.com/tild6239-6361-4839-b362-323362636335/2011----.jpg]
[static.tildacdn.com/tild6637-3063-4833-a133-653930376331/brus-propitannyj-str.jpg]
[static.tildacdn.com/tild3532-3432-4830-b839-666662666533/photo.jpg]
[thb.tildacdn.com/tild3532-3432-4830-b839-666662666533/-/resizeb/20x/photo.jpg]
[static.tildacdn.com/tild3636-3835-4035-a130-656331313266/25.jpg]
[static.tildacdn.com/tild6332-3737-4864-a639-633231656564/XEtkNgb2XZ54g0lENDYL.jpg]
[static.tildacdn.com/tild6263-6238-4430-b932-303434316138/__2020-12-30__022658.png]
[thb.tildacdn.com/tild6263-6238-4430-b932-303434316138/-/resizeb/20x/__2020-12-30__022658.png]
[static.tildacdn.com/tild6132-3064-4438-b661-376631336239/photo.png]
[thb.tildacdn.com/tild6132-3064-4438-b661-376631336239/-/resizeb/20x/photo.png]
[static.tildacdn.com/tild3437-3239-4530-b337-626236626333/photo.png]
[thb.tildacdn.com/tild3437-3239-4530-b337-626236626333/-/resizeb/20x/photo.png]
[static.tildacdn.com/tild3036-3833-4937-b131-643265666433/photo.png]
[thb.tildacdn.com/tild3036-3833-4937-b131-643265666433/-/resizeb/20x/photo.png]
[static.tildacdn.com/tild3933-3236-4339-a162-336134616234/photo.png]
[thb.tildacdn.com/tild3933-3236-4339-a162-336134616234/-/resizeb/20x/photo.png]
[static.tildacdn.com/css/tilda-img-select-1.0.min.css]
[static.tildacdn.com/js/tilda-img-select-1.0.min.js]
[static.tildacdn.com/tild3365-3265-4161-a462-366539366331/_1.png]
[thb.tildacdn.com/tild3365-3265-4161-a462-366539366331/-/resizeb/20x/_1.png]
[static.tildacdn.com/tild6330-3930-4839-b136-653937316362/_2.png]
[thb.tildacdn.com/tild6330-3930-4839-b136-653937316362/-/resizeb/20x/_2.png]
[static.tildacdn.com/tild3761-3336-4439-a263-356333633131/photo.png]
[thb.tildacdn.com/tild3761-3336-4439-a263-356333633131/-/resizeb/20x/photo.png]
[static.tildacdn.com/tild3030-3966-4037-b038-366333353361/_.png]
[thb.tildacdn.com/tild3030-3966-4037-b038-366333353361/-/resizeb/20x/_.png]
[static.tildacdn.com/tild6664-3931-4262-a330-646135643736/photo.png]
[thb.tildacdn.com/tild6664-3931-4262-a330-646135643736/-/resizeb/20x/photo.png]
[static.tildacdn.com/tild6165-3038-4461-b636-636430366634/photo.png]
[thb.tildacdn.com/tild6165-3038-4461-b636-636430366634/-/resizeb/20x/photo.png]
[static.tildacdn.com/tild3966-6236-4532-b562-636462356535/photo.png]
[thb.tildacdn.com/tild3966-6236-4532-b562-636462356535/-/resizeb/20x/photo.png]
[static.tildacdn.com/tild3633-3733-4963-b438-346262383633/_.png]
[thb.tildacdn.com/tild3633-3733-4963-b438-346262383633/-/resizeb/20x/_.png]
[static.tildacdn.com/js/tilda-conditional-form-1.0.min.js]
[thb.tildacdn.com/tild3663-6533-4134-a231-323664613735/-/resizeb/20x/13.jpg]
[static.tildacdn.com/tild3663-6533-4134-a231-323664613735/13.jpg]
[thb.tildacdn.com/tild3465-3731-4630-a462-643136623831/-/resizeb/20x/1.png]
[static.tildacdn.com/tild3465-3731-4630-a462-643136623831/1.png]
[thb.tildacdn.com/tild3666-3962-4136-a566-353030643762/-/resizeb/20x/unnamed-file-4.jpg]
[static.tildacdn.com/tild3666-3962-4136-a566-353030643762/unnamed-file-4.jpg]
[thb.tildacdn.com/tild3535-3230-4635-a536-333737356665/-/resizeb/20x/11.jpg]
[static.tildacdn.com/tild3535-3230-4635-a536-333737356665/11.jpg]
[www.zavod-red-flag.ru/politika.html]
[thb.tildacdn.com/tild3335-3835-4465-b231-636265336439/-/resizeb/20x/1_.jpg]
[static.tildacdn.com/tild3335-3835-4465-b231-636265336439/1_.jpg]
[static.tildacdn.com/tild6637-3363-4638-b131-623864623637/2.jpg]
[thb.tildacdn.com/tild6637-3363-4638-b131-623864623637/-/resizeb/20x/2.jpg]
[static.tildacdn.com/tild6639-6639-4330-b835-373334333134/photo.png]
[thb.tildacdn.com/tild6639-6639-4330-b835-373334333134/-/resizeb/20x/photo.png]
[static.tildacdn.com/tild3663-3966-4433-a335-363162626161/photo.png]
[thb.tildacdn.com/tild3663-3966-4433-a335-363162626161/-/resizeb/20x/photo.png]
[static.tildacdn.com/tild3130-3662-4064-a532-333461346134/_.png]
[thb.tildacdn.com/tild3130-3662-4064-a532-333461346134/-/resizeb/20x/_.png]
[thb.tildacdn.com/tild3737-6636-4664-a263-636536333139/-/empty/26.png]
[static.tildacdn.com/tild6433-6331-4838-b630-343066383038/685567967.jpg]
[thb.tildacdn.com/tild6433-6331-4838-b630-343066383038/-/resizeb/20x/685567967.jpg]
[static.tildacdn.com/tild3536-3833-4134-b235-623132633836/7bb54547e8012442247a.jpg]
[thb.tildacdn.com/tild3536-3833-4134-b235-623132633836/-/resizeb/20x/7bb54547e8012442247a.jpg]
[static.tildacdn.com/tild6337-3436-4362-b532-343363653931/bogdanovitch_ist01.jpg]
[thb.tildacdn.com/tild6337-3436-4362-b532-343363653931/-/resizeb/20x/bogdanovitch_ist01.jpg]
[thb.tildacdn.com/tild3535-6663-4331-a432-306661653835/-/empty/0ad923ceddf54cd7a068.png]
[thb.tildacdn.com/tild3130-6331-4131-b136-326336666636/-/empty/_.png]
[thb.tildacdn.com/tild3038-3064-4236-a339-653139366366/-/empty/__2018-11-17__11640.png]
[thb.tildacdn.com/tild3636-6535-4562-a537-613661316562/-/empty/KPkUZYAElnhZS13VI8Ej.png]
[thb.tildacdn.com/tild3439-6132-4638-a138-613564386635/-/empty/7.png]
[thb.tildacdn.com/tild6462-3066-4164-b639-626437316433/-/empty/photo.png]
[thb.tildacdn.com/tild3663-3766-4464-b433-666630626635/-/empty/__2018-11-17__12057.png]
[thb.tildacdn.com/tild3461-6266-4832-b261-336433336664/-/empty/__2018-11-17__11741.png]
[thb.tildacdn.com/tild6137-3438-4966-a261-313631323566/-/empty/photo.png]
[thb.tildacdn.com/tild3435-6236-4736-b163-646663306161/-/empty/136_.png]
[thb.tildacdn.com/tild3231-3162-4639-a234-333938316233/-/empty/logo-17349.png]
[thb.tildacdn.com/tild6537-6537-4230-a533-386636623766/-/empty/photo.png]
[thb.tildacdn.com/tild3037-3431-4265-a435-653966633962/-/empty/photo.png]
[thb.tildacdn.com/tild6539-3631-4162-a338-636230643465/-/empty/_.png]
[thb.tildacdn.com/tild3431-6234-4634-b538-373935336636/-/empty/__2022-02-17__170105.png]
[thb.tildacdn.com/tild6365-3235-4664-b839-383234326434/-/empty/__2022-02-17__170525.png]
[thb.tildacdn.com/tild3739-6337-4230-b864-656461343334/-/empty/2.png]
[thb.tildacdn.com/tild3830-3231-4830-b364-613166316665/-/empty/_.png]
[thb.tildacdn.com/tild3266-3863-4536-b039-396232323236/-/empty/asiacement.png]
[thb.tildacdn.com/tild3665-3661-4634-a432-356162383836/-/empty/photo.png]
[thb.tildacdn.com/tild3437-3332-4363-b365-313531346333/-/empty/1.png]
[thb.tildacdn.com/tild3133-3432-4136-a638-383536363063/-/empty/logo.png]
[thb.tildacdn.com/tild3636-6564-4330-b136-393065393730/-/empty/165611760.png]
[thb.tildacdn.com/tild3732-3163-4639-b339-343963623033/-/empty/__2022-02-17__165808.png]
[thb.tildacdn.com/tild6532-3637-4533-b135-303238643839/-/empty/train310469_12801024.png]
[thb.tildacdn.com/tild6133-3366-4434-b362-353366313232/-/empty/spets_.png]
[thb.tildacdn.com/tild3764-3265-4037-b839-613433333739/-/empty/60145.png]
[thb.tildacdn.com/tild6335-3266-4062-b661-626164663166/-/empty/ad_124710_image.png]
[thb.tildacdn.com/tild3935-3139-4437-a334-336564346265/-/empty/__.png]
[thb.tildacdn.com/tild3063-3537-4238-a236-333036363461/-/empty/-1.png]
[thb.tildacdn.com/tild3533-6164-4530-b466-643561623662/-/empty/photo.png]
[thb.tildacdn.com/tild6136-6362-4637-a538-393961366134/-/empty/__2018-11-17__12210.png]
[thb.tildacdn.com/tild6363-6331-4765-b931-366661643835/-/empty/__2022-02-17__164233.png]
[thb.tildacdn.com/tild6231-3833-4463-b730-653435663730/-/empty/__2022-02-17__164553.png]
[thb.tildacdn.com/tild3438-6261-4231-b131-316230343533/-/empty/4qeG4cnON3Y.png]
[static.tildacdn.com/tild3962-3736-4532-a663-616632323535/1.jpg]
[thb.tildacdn.com/tild3962-3736-4532-a663-616632323535/-/resizeb/20x/1.jpg]
[static.tildacdn.com/tild3036-3733-4535-b333-306463363338/photo.jpg]
[thb.tildacdn.com/tild3036-3733-4535-b333-306463363338/-/resizeb/20x/photo.jpg]
[static.tildacdn.com/tild3236-3733-4763-b964-343462303934/_.jpg]
[thb.tildacdn.com/tild3236-3733-4763-b964-343462303934/-/resizeb/20x/_.jpg]
[www.zavod-red-flag.ru/rekviziti.html]
[static.tildacdn.com/css/tilda-range-1.0.min.css]
[static.tildacdn.com/js/tilda-range-1.0.min.js]
[static.tildacdn.com/js/tilda-calc-1.0.min.js]
[mc.yandex.ru/metrika/tag.js]
[www.zavod-red-flag.ru/index.html]
[static.tildacdn.com/css/tilda-grid-3.0.min.css]
[static.tildacdn.com/ws/project215918/tilda-blocks-page1154892.min9802.css]
[static.tildacdn.com/css/tilda-animation-2.0.min.css]
[static.tildacdn.com/css/tilda-forms-1.0.min.css]
[static.tildacdn.com/css/tilda-cover-1.0.min.css]
[static.tildacdn.com/css/tilda-popup-1.1.min.css]
[static.tildacdn.com/css/tilda-slds-1.4.min.css]
[static.tildacdn.com/css/tilda-catalog-1.1.min.css]
[static.tildacdn.com/css/tilda-cards-1.0.min.css]
[static.tildacdn.com/css/tilda-slides-1.0.min.css]
[static.tildacdn.com/css/tilda-zoom-2.0.min.css]
[static.tildacdn.com/css/tilda-img-select-1.0.min.css]
[static.tildacdn.com/js/tilda-stat-1.0.min.js]
[static.tildacdn.com/tild6266-3762-4432-a338-613432643964/_.png]
[www.zavod-red-flag.ru/politika.html]
[static.tildacdn.com/tild3837-6464-4334-a130-313731633665/_.png]
[www.zavod-red-flag.ru/rekviziti.html]
[static.tildacdn.com/css/tilda-range-1.0.min.css]
